#
# There is insufficient memory for the Java Runtime Environment to continue.
# Native memory allocation (malloc) failed to allocate 1068816 bytes for Chunk::new
# Possible reasons:
#   The system is out of physical RAM or swap space
#   The process is running with CompressedOops enabled, and the Java Heap may be blocking the growth of the native heap
# Possible solutions:
#   Reduce memory load on the system
#   Increase physical memory or swap space
#   Check if swap backing store is full
#   Decrease Java heap size (-Xmx/-Xms)
#   Decrease number of Java threads
#   Decrease Java thread stack sizes (-Xss)
#   Set larger code cache with -XX:ReservedCodeCacheSize=
#   JVM is running with Unscaled Compressed Oops mode in which the Java heap is
#     placed in the first 4GB address space. The Java Heap base address is the
#     maximum limit for the native heap growth. Please use -XX:HeapBaseMinAddress
#     to set the Java Heap base and to place the Java Heap above 4GB virtual address.
# This output file may be truncated or incomplete.
#
#  Out of Memory Error (./src/hotspot/share/memory/arena.cpp:197), pid=13380, tid=7988
#
# JRE version: OpenJDK Runtime Environment (11.0.10) (build 11.0.10+0-b96-7249189)
# Java VM: OpenJDK 64-Bit Server VM (11.0.10+0-b96-7249189, mixed mode, tiered, compressed oops, g1 gc, windows-amd64)
# No core dump will be written. Minidumps are not enabled by default on client versions of Windows
#

---------------  S U M M A R Y ------------

Command Line: --add-opens=java.base/java.util=ALL-UNNAMED --add-opens=java.base/java.lang=ALL-UNNAMED --add-opens=java.base/java.lang.invoke=ALL-UNNAMED --add-opens=java.base/java.util=ALL-UNNAMED --add-opens=java.prefs/java.util.prefs=ALL-UNNAMED --add-opens=java.prefs/java.util.prefs=ALL-UNNAMED --add-opens=java.base/java.nio.charset=ALL-UNNAMED --add-opens=java.base/java.net=ALL-UNNAMED --add-opens=java.base/java.util.concurrent.atomic=ALL-UNNAMED -Xmx2048m -Dfile.encoding=UTF-8 -Duser.country=US -Duser.language=en -Duser.variant org.gradle.launcher.daemon.bootstrap.GradleDaemon 7.0.2

Host: Intel(R) Core(TM) i7-4720HQ CPU @ 2.60GHz, 8 cores, 7G,  Windows 10 , 64 bit Build 18362 (10.0.18362.1500)
Time: Fri Nov 12 02:15:00 2021 SE Asia Standard Time elapsed time: 27.225377 seconds (0d 0h 0m 27s)

---------------  T H R E A D  ---------------

Current thread (0x000001fae5fbb000):  JavaThread "C2 CompilerThread0" daemon [_thread_in_native, id=7988, stack(0x000000f3ef200000,0x000000f3ef300000)]


Current CompileTask:
C2:  27225 5962       4       org.gradle.internal.classpath.ClasspathBuilder$ZipEntryBuilder::maybeAddParent (50 bytes)

Stack: [0x000000f3ef200000,0x000000f3ef300000]
Native frames: (J=compiled Java code, j=interpreted, Vv=VM code, C=native code)
V  [jvm.dll+0x5ecfaa]
V  [jvm.dll+0x722bd5]
V  [jvm.dll+0x72412d]
V  [jvm.dll+0x7247e3]
V  [jvm.dll+0x242928]
V  [jvm.dll+0xbc4fc]
V  [jvm.dll+0xbca0c]
V  [jvm.dll+0x352d7d]
V  [jvm.dll+0x19800c]
V  [jvm.dll+0x1fb70e]
V  [jvm.dll+0x1fa7f4]
V  [jvm.dll+0x18354c]
V  [jvm.dll+0x208ee7]
V  [jvm.dll+0x207731]
V  [jvm.dll+0x6eb1cf]
V  [jvm.dll+0x6e3d45]
V  [jvm.dll+0x5ebe96]
C  [ucrtbase.dll+0x210b2]
C  [KERNEL32.DLL+0x17c24]
C  [ntdll.dll+0x6d721]


---------------  P R O C E S S  ---------------

Threads class SMR info:
_java_thread_list=0x000001fae95f6380, length=51, elements={
0x000001fac930e000, 0x000001fae5f61800, 0x000001fae5f6f000, 0x000001fae5fb2800,
0x000001fae5fb3800, 0x000001fae5fb7800, 0x000001fae5fbb000, 0x000001fae5fbf800,
0x000001fae5fc1000, 0x000001fae610b800, 0x000001fae7a5b800, 0x000001fae61ff000,
0x000001fae6324000, 0x000001fae81be800, 0x000001fae7a16800, 0x000001fae8dfe800,
0x000001fae7eba800, 0x000001fae85b2000, 0x000001fae8813800, 0x000001fae864b800,
0x000001fae864d800, 0x000001fae864e000, 0x000001fae8650000, 0x000001fae864a000,
0x000001fae8650800, 0x000001fae864f000, 0x000001fae864b000, 0x000001fae864c800,
0x000001fae9da7000, 0x000001fae9da8800, 0x000001fae9da9800, 0x000001fae9daa000,
0x000001fae9dab000, 0x000001fae9da6000, 0x000001fae9dad800, 0x000001fae9db0000,
0x000001fae9db2800, 0x000001fae9db0800, 0x000001fae9daf000, 0x000001fae9dae000,
0x000001fae9dac800, 0x000001fae9db3000, 0x000001fae9db4000, 0x000001fae8524800,
0x000001fae8521000, 0x000001fae8522000, 0x000001fae851e800, 0x000001fae8522800,
0x000001fae8525000, 0x000001fae9c37000, 0x000001fae7570800
}

Java Threads: ( => current thread )
  0x000001fac930e000 JavaThread "main" [_thread_blocked, id=6004, stack(0x000000f3ee600000,0x000000f3ee700000)]
  0x000001fae5f61800 JavaThread "Reference Handler" daemon [_thread_blocked, id=16324, stack(0x000000f3eed00000,0x000000f3eee00000)]
  0x000001fae5f6f000 JavaThread "Finalizer" daemon [_thread_blocked, id=10404, stack(0x000000f3eee00000,0x000000f3eef00000)]
  0x000001fae5fb2800 JavaThread "Signal Dispatcher" daemon [_thread_blocked, id=3992, stack(0x000000f3eef00000,0x000000f3ef000000)]
  0x000001fae5fb3800 JavaThread "Attach Listener" daemon [_thread_blocked, id=16872, stack(0x000000f3ef000000,0x000000f3ef100000)]
  0x000001fae5fb7800 JavaThread "Service Thread" daemon [_thread_blocked, id=2416, stack(0x000000f3ef100000,0x000000f3ef200000)]
=>0x000001fae5fbb000 JavaThread "C2 CompilerThread0" daemon [_thread_in_native, id=7988, stack(0x000000f3ef200000,0x000000f3ef300000)]
  0x000001fae5fbf800 JavaThread "C1 CompilerThread0" daemon [_thread_blocked, id=24276, stack(0x000000f3ef300000,0x000000f3ef400000)]
  0x000001fae5fc1000 JavaThread "Sweeper thread" daemon [_thread_blocked, id=21340, stack(0x000000f3ef400000,0x000000f3ef500000)]
  0x000001fae610b800 JavaThread "Common-Cleaner" daemon [_thread_blocked, id=2860, stack(0x000000f3ef500000,0x000000f3ef600000)]
  0x000001fae7a5b800 JavaThread "Daemon health stats" [_thread_blocked, id=20400, stack(0x000000f3efb00000,0x000000f3efc00000)]
  0x000001fae61ff000 JavaThread "Incoming local TCP Connector on port 58808" [_thread_in_native, id=13584, stack(0x000000f3ef700000,0x000000f3ef800000)]
  0x000001fae6324000 JavaThread "Daemon periodic checks" [_thread_blocked, id=13144, stack(0x000000f3ef800000,0x000000f3ef900000)]
  0x000001fae81be800 JavaThread "Daemon" [_thread_blocked, id=7152, stack(0x000000f3efc00000,0x000000f3efd00000)]
  0x000001fae7a16800 JavaThread "Handler for socket connection from /127.0.0.1:58808 to /127.0.0.1:58809" [_thread_in_native, id=22000, stack(0x000000f3efd00000,0x000000f3efe00000)]
  0x000001fae8dfe800 JavaThread "Cancel handler" [_thread_blocked, id=17728, stack(0x000000f3efe00000,0x000000f3eff00000)]
  0x000001fae7eba800 JavaThread "Daemon worker" [_thread_blocked, id=10548, stack(0x000000f3eff00000,0x000000f3f0000000)]
  0x000001fae85b2000 JavaThread "Asynchronous log dispatcher for DefaultDaemonConnection: socket connection from /127.0.0.1:58808 to /127.0.0.1:58809" [_thread_blocked, id=16476, stack(0x000000f3f0000000,0x000000f3f0100000)]
  0x000001fae8813800 JavaThread "Stdin handler" [_thread_blocked, id=2672, stack(0x000000f3f0100000,0x000000f3f0200000)]
  0x000001fae864b800 JavaThread "Daemon client event forwarder" [_thread_blocked, id=15480, stack(0x000000f3f0200000,0x000000f3f0300000)]
  0x000001fae864d800 JavaThread "Cache worker for file hash cache (C:\Users\TinNguyen\.gradle\caches\7.0.2\fileHashes)" [_thread_blocked, id=2784, stack(0x000000f3f0800000,0x000000f3f0900000)]
  0x000001fae864e000 JavaThread "File lock request listener" [_thread_in_native, id=20088, stack(0x000000f3f0900000,0x000000f3f0a00000)]
  0x000001fae8650000 JavaThread "Cache worker for journal cache (C:\Users\TinNguyen\.gradle\caches\journal-1)" [_thread_blocked, id=5184, stack(0x000000f3f0b00000,0x000000f3f0c00000)]
  0x000001fae864a000 JavaThread "Cache worker for file hash cache (C:\Users\TinNguyen\Desktop\NativeRentalApartmentFinder\.gradle\7.0.2\fileHashes)" [_thread_blocked, id=25160, stack(0x000000f3f0d00000,0x000000f3f0e00000)]
  0x000001fae8650800 JavaThread "File watcher server" daemon [_thread_in_native, id=1740, stack(0x000000f3f0e00000,0x000000f3f0f00000)]
  0x000001fae864f000 JavaThread "File watcher consumer" daemon [_thread_blocked, id=4452, stack(0x000000f3f0f00000,0x000000f3f1000000)]
  0x000001fae864b000 JavaThread "Cache worker for checksums cache (C:\Users\TinNguyen\Desktop\NativeRentalApartmentFinder\.gradle\checksums)" [_thread_blocked, id=11320, stack(0x000000f3f1000000,0x000000f3f1100000)]
  0x000001fae864c800 JavaThread "Cache worker for cache directory md-supplier (C:\Users\TinNguyen\.gradle\caches\7.0.2\md-supplier)" [_thread_blocked, id=2832, stack(0x000000f3f1100000,0x000000f3f1200000)]
  0x000001fae9da7000 JavaThread "Cache worker for cache directory md-rule (C:\Users\TinNguyen\.gradle\caches\7.0.2\md-rule)" [_thread_blocked, id=5632, stack(0x000000f3f1200000,0x000000f3f1300000)]
  0x000001fae9da8800 JavaThread "Cache worker for execution history cache (C:\Users\TinNguyen\.gradle\caches\7.0.2\executionHistory)" [_thread_blocked, id=25032, stack(0x000000f3f1400000,0x000000f3f1500000)]
  0x000001fae9da9800 JavaThread "jar transforms" [_thread_in_Java, id=8104, stack(0x000000f3f1500000,0x000000f3f1600000)]
  0x000001fae9daa000 JavaThread "jar transforms Thread 2" [_thread_in_Java, id=21844, stack(0x000000f3f1600000,0x000000f3f1700000)]
  0x000001fae9dab000 JavaThread "Cache worker for file content cache (C:\Users\TinNguyen\.gradle\caches\7.0.2\fileContent)" [_thread_blocked, id=3028, stack(0x000000f3f1700000,0x000000f3f1800000)]
  0x000001fae9da6000 JavaThread "Cache worker for dependencies-accessors (C:\Users\TinNguyen\Desktop\NativeRentalApartmentFinder\.gradle\7.0.2\dependencies-accessors)" [_thread_blocked, id=22828, stack(0x000000f3f1800000,0x000000f3f1900000)]
  0x000001fae9dad800 JavaThread "jar transforms Thread 3" [_thread_in_Java, id=9544, stack(0x000000f3f1300000,0x000000f3f1400000)]
  0x000001fae9db0000 JavaThread "Cache worker for Build Output Cleanup Cache (C:\Users\TinNguyen\Desktop\NativeRentalApartmentFinder\.gradle\buildOutputCleanup)" [_thread_blocked, id=6332, stack(0x000000f3f1900000,0x000000f3f1a00000)]
  0x000001fae9db2800 JavaThread "Build operations" [_thread_blocked, id=16908, stack(0x000000f3f0c00000,0x000000f3f0d00000)]
  0x000001fae9db0800 JavaThread "Build operations Thread 2" [_thread_blocked, id=23688, stack(0x000000f3f1a00000,0x000000f3f1b00000)]
  0x000001fae9daf000 JavaThread "Build operations Thread 3" [_thread_blocked, id=8636, stack(0x000000f3f1b00000,0x000000f3f1c00000)]
  0x000001fae9dae000 JavaThread "Build operations Thread 4" [_thread_blocked, id=5380, stack(0x000000f3f1c00000,0x000000f3f1d00000)]
  0x000001fae9dac800 JavaThread "Build operations Thread 5" [_thread_blocked, id=22852, stack(0x000000f3f1d00000,0x000000f3f1e00000)]
  0x000001fae9db3000 JavaThread "Build operations Thread 6" [_thread_blocked, id=900, stack(0x000000f3f1e00000,0x000000f3f1f00000)]
  0x000001fae9db4000 JavaThread "Build operations Thread 7" [_thread_blocked, id=21516, stack(0x000000f3f1f00000,0x000000f3f2000000)]
  0x000001fae8524800 JavaThread "Build operations Thread 8" [_thread_blocked, id=15432, stack(0x000000f3f2000000,0x000000f3f2100000)]
  0x000001fae8521000 JavaThread "jar transforms Thread 4" [_thread_blocked, id=18952, stack(0x000000f3f2100000,0x000000f3f2200000)]
  0x000001fae8522000 JavaThread "jar transforms Thread 5" [_thread_blocked, id=19012, stack(0x000000f3f2200000,0x000000f3f2300000)]
  0x000001fae851e800 JavaThread "jar transforms Thread 6" [_thread_blocked, id=25148, stack(0x000000f3f2300000,0x000000f3f2400000)]
  0x000001fae8522800 JavaThread "jar transforms Thread 7" [_thread_in_Java, id=22348, stack(0x000000f3f2400000,0x000000f3f2500000)]
  0x000001fae8525000 JavaThread "jar transforms Thread 8" [_thread_in_vm, id=25568, stack(0x000000f3f2500000,0x000000f3f2600000)]
  0x000001fae9c37000 JavaThread "C2 CompilerThread1" daemon [_thread_in_native, id=20404, stack(0x000000f3f2600000,0x000000f3f2700000)]
  0x000001fae7570800 JavaThread "C2 CompilerThread2" daemon [_thread_in_native, id=932, stack(0x000000f3f2700000,0x000000f3f2800000)]

Other Threads:
  0x000001fae5733800 VMThread "VM Thread" [stack: 0x000000f3eec00000,0x000000f3eed00000] [id=23088]
  0x000001fae6130800 WatcherThread [stack: 0x000000f3ef600000,0x000000f3ef700000] [id=23492]
  0x000001fac9357800 GCTaskThread "GC Thread#0" [stack: 0x000000f3ee700000,0x000000f3ee800000] [id=14508]
  0x000001fae6f1a000 GCTaskThread "GC Thread#1" [stack: 0x000000f3ef900000,0x000000f3efa00000] [id=2412]
  0x000001fae6eff000 GCTaskThread "GC Thread#2" [stack: 0x000000f3efa00000,0x000000f3efb00000] [id=16980]
  0x000001fae7606800 GCTaskThread "GC Thread#3" [stack: 0x000000f3f0300000,0x000000f3f0400000] [id=13856]
  0x000001fae7b2b800 GCTaskThread "GC Thread#4" [stack: 0x000000f3f0400000,0x000000f3f0500000] [id=20940]
  0x000001fae7fcb000 GCTaskThread "GC Thread#5" [stack: 0x000000f3f0500000,0x000000f3f0600000] [id=17780]
  0x000001fae871d000 GCTaskThread "GC Thread#6" [stack: 0x000000f3f0600000,0x000000f3f0700000] [id=25204]
  0x000001fae7192800 GCTaskThread "GC Thread#7" [stack: 0x000000f3f0700000,0x000000f3f0800000] [id=18600]
  0x000001fac938a800 ConcurrentGCThread "G1 Main Marker" [stack: 0x000000f3ee800000,0x000000f3ee900000] [id=20160]
  0x000001fac938b800 ConcurrentGCThread "G1 Conc#0" [stack: 0x000000f3ee900000,0x000000f3eea00000] [id=25420]
  0x000001fae742b800 ConcurrentGCThread "G1 Conc#1" [stack: 0x000000f3f0a00000,0x000000f3f0b00000] [id=6688]
  0x000001fae5582800 ConcurrentGCThread "G1 Refine#0" [stack: 0x000000f3eea00000,0x000000f3eeb00000] [id=8232]
  0x000001fac940c800 ConcurrentGCThread "G1 Young RemSet Sampling" [stack: 0x000000f3eeb00000,0x000000f3eec00000] [id=21304]

Threads with active compile tasks:
C2 CompilerThread0  27293 5962       4       org.gradle.internal.classpath.ClasspathBuilder$ZipEntryBuilder::maybeAddParent (50 bytes)
C2 CompilerThread1  27293 5969 %     4       org.objectweb.asm.ClassReader::readCode @ 1561 (5109 bytes)
C2 CompilerThread2  27293 5925       4       org.gradle.internal.classpath.ClasspathBuilder$ZipEntryBuilder::put (44 bytes)

VM state:not at safepoint (normal execution)

VM Mutex/Monitor currently owned by a thread: None

Heap address: 0x0000000080000000, size: 2048 MB, Compressed Oops mode: 32-bit
Narrow klass base: 0x0000000000000000, Narrow klass shift: 3
Compressed class space size: 1073741824 Address: 0x0000000100000000

Heap:
 garbage-first heap   total 157696K, used 106773K [0x0000000080000000, 0x0000000100000000)
  region size 1024K, 73 young (74752K), 4 survivors (4096K)
 Metaspace       used 47752K, capacity 48918K, committed 48972K, reserved 1091584K
  class space    used 6042K, capacity 6462K, committed 6476K, reserved 1048576K
Heap Regions: E=young(eden), S=young(survivor), O=old, HS=humongous(starts), HC=humongous(continues), CS=collection set, F=free, A=archive, TAMS=top-at-mark-start (previous, next)
|   0|0x0000000080000000, 0x0000000080100000, 0x0000000080100000|100%| O|  |TAMS 0x0000000080100000, 0x0000000080000000| Untracked 
|   1|0x0000000080100000, 0x0000000080200000, 0x0000000080200000|100%| O|  |TAMS 0x0000000080200000, 0x0000000080100000| Untracked 
|   2|0x0000000080200000, 0x0000000080300000, 0x0000000080300000|100%| O|  |TAMS 0x0000000080300000, 0x0000000080200000| Untracked 
|   3|0x0000000080300000, 0x0000000080400000, 0x0000000080400000|100%|HS|  |TAMS 0x0000000080400000, 0x0000000080300000| Complete 
|   4|0x0000000080400000, 0x0000000080500000, 0x0000000080500000|100%|HC|  |TAMS 0x0000000080500000, 0x0000000080400000| Complete 
|   5|0x0000000080500000, 0x0000000080600000, 0x0000000080600000|100%|HC|  |TAMS 0x0000000080600000, 0x0000000080500000| Complete 
|   6|0x0000000080600000, 0x0000000080700000, 0x0000000080700000|100%| O|  |TAMS 0x0000000080700000, 0x0000000080600000| Untracked 
|   7|0x0000000080700000, 0x0000000080800000, 0x0000000080800000|100%| O|  |TAMS 0x0000000080800000, 0x0000000080700000| Untracked 
|   8|0x0000000080800000, 0x0000000080900000, 0x0000000080900000|100%| O|  |TAMS 0x0000000080900000, 0x0000000080800000| Untracked 
|   9|0x0000000080900000, 0x0000000080a00000, 0x0000000080a00000|100%| O|  |TAMS 0x0000000080a00000, 0x0000000080900000| Untracked 
|  10|0x0000000080a00000, 0x0000000080b00000, 0x0000000080b00000|100%| O|  |TAMS 0x0000000080b00000, 0x0000000080a00000| Untracked 
|  11|0x0000000080b00000, 0x0000000080c00000, 0x0000000080c00000|100%| O|  |TAMS 0x0000000080c00000, 0x0000000080b00000| Untracked 
|  12|0x0000000080c00000, 0x0000000080d00000, 0x0000000080d00000|100%| O|  |TAMS 0x0000000080d00000, 0x0000000080c00000| Untracked 
|  13|0x0000000080d00000, 0x0000000080e00000, 0x0000000080e00000|100%| O|  |TAMS 0x0000000080e00000, 0x0000000080d00000| Untracked 
|  14|0x0000000080e00000, 0x0000000080f00000, 0x0000000080f00000|100%| O|  |TAMS 0x0000000080f00000, 0x0000000080e00000| Untracked 
|  15|0x0000000080f00000, 0x0000000081000000, 0x0000000081000000|100%| O|  |TAMS 0x0000000080f74a00, 0x0000000080f00000| Untracked 
|  16|0x0000000081000000, 0x0000000081100000, 0x0000000081100000|100%| O|  |TAMS 0x0000000081000000, 0x0000000081000000| Untracked 
|  17|0x0000000081100000, 0x0000000081200000, 0x0000000081200000|100%| O|  |TAMS 0x0000000081100000, 0x0000000081100000| Untracked 
|  18|0x0000000081200000, 0x0000000081300000, 0x0000000081300000|100%| O|  |TAMS 0x0000000081200000, 0x0000000081200000| Untracked 
|  19|0x0000000081300000, 0x0000000081400000, 0x0000000081400000|100%| O|  |TAMS 0x0000000081300000, 0x0000000081300000| Untracked 
|  20|0x0000000081400000, 0x0000000081500000, 0x0000000081500000|100%| O|  |TAMS 0x0000000081400000, 0x0000000081400000| Untracked 
|  21|0x0000000081500000, 0x0000000081600000, 0x0000000081600000|100%| O|  |TAMS 0x0000000081500000, 0x0000000081500000| Untracked 
|  22|0x0000000081600000, 0x0000000081700000, 0x0000000081700000|100%| O|  |TAMS 0x0000000081600000, 0x0000000081600000| Untracked 
|  23|0x0000000081700000, 0x0000000081800000, 0x0000000081800000|100%| O|  |TAMS 0x0000000081700000, 0x0000000081700000| Untracked 
|  24|0x0000000081800000, 0x0000000081900000, 0x0000000081900000|100%| O|  |TAMS 0x0000000081800000, 0x0000000081800000| Untracked 
|  25|0x0000000081900000, 0x0000000081a00000, 0x0000000081a00000|100%| O|  |TAMS 0x0000000081900000, 0x0000000081900000| Untracked 
|  26|0x0000000081a00000, 0x0000000081b00000, 0x0000000081b00000|100%| O|  |TAMS 0x0000000081a00000, 0x0000000081a00000| Untracked 
|  27|0x0000000081b00000, 0x0000000081baf600, 0x0000000081c00000| 68%| O|  |TAMS 0x0000000081b00000, 0x0000000081b00000| Untracked 
|  28|0x0000000081c00000, 0x0000000081d00000, 0x0000000081d00000|100%|HS|  |TAMS 0x0000000081c00000, 0x0000000081c00000| Complete 
|  29|0x0000000081d00000, 0x0000000081e00000, 0x0000000081e00000|100%| O|  |TAMS 0x0000000081d00000, 0x0000000081d00000| Untracked 
|  30|0x0000000081e00000, 0x0000000081f00000, 0x0000000081f00000|100%| O|  |TAMS 0x0000000081e00000, 0x0000000081e00000| Untracked 
|  31|0x0000000081f00000, 0x0000000082000000, 0x0000000082000000|100%| O|  |TAMS 0x0000000081f00000, 0x0000000081f00000| Untracked 
|  32|0x0000000082000000, 0x0000000082000000, 0x0000000082100000|  0%| F|  |TAMS 0x0000000082000000, 0x0000000082000000| Untracked 
|  33|0x0000000082100000, 0x0000000082100000, 0x0000000082200000|  0%| F|  |TAMS 0x0000000082100000, 0x0000000082100000| Untracked 
|  34|0x0000000082200000, 0x0000000082300000, 0x0000000082300000|100%|HS|  |TAMS 0x0000000082200000, 0x0000000082200000| Complete 
|  35|0x0000000082300000, 0x0000000082400000, 0x0000000082400000|100%|HC|  |TAMS 0x0000000082300000, 0x0000000082300000| Complete 
|  36|0x0000000082400000, 0x0000000082400000, 0x0000000082500000|  0%| F|  |TAMS 0x0000000082400000, 0x0000000082400000| Untracked 
|  37|0x0000000082500000, 0x0000000082500000, 0x0000000082600000|  0%| F|  |TAMS 0x0000000082500000, 0x0000000082500000| Untracked 
|  38|0x0000000082600000, 0x0000000082600000, 0x0000000082700000|  0%| F|  |TAMS 0x0000000082600000, 0x0000000082600000| Untracked 
|  39|0x0000000082700000, 0x0000000082700000, 0x0000000082800000|  0%| F|  |TAMS 0x0000000082700000, 0x0000000082700000| Untracked 
|  40|0x0000000082800000, 0x0000000082800000, 0x0000000082900000|  0%| F|  |TAMS 0x0000000082800000, 0x0000000082800000| Untracked 
|  41|0x0000000082900000, 0x0000000082900000, 0x0000000082a00000|  0%| F|  |TAMS 0x0000000082900000, 0x0000000082900000| Untracked 
|  42|0x0000000082a00000, 0x0000000082a00000, 0x0000000082b00000|  0%| F|  |TAMS 0x0000000082a00000, 0x0000000082a00000| Untracked 
|  43|0x0000000082b00000, 0x0000000082b00000, 0x0000000082c00000|  0%| F|  |TAMS 0x0000000082b00000, 0x0000000082b00000| Untracked 
|  44|0x0000000082c00000, 0x0000000082c00000, 0x0000000082d00000|  0%| F|  |TAMS 0x0000000082c00000, 0x0000000082c00000| Untracked 
|  45|0x0000000082d00000, 0x0000000082d00000, 0x0000000082e00000|  0%| F|  |TAMS 0x0000000082d00000, 0x0000000082d00000| Untracked 
|  46|0x0000000082e00000, 0x0000000082e00000, 0x0000000082f00000|  0%| F|  |TAMS 0x0000000082e00000, 0x0000000082e00000| Untracked 
|  47|0x0000000082f00000, 0x0000000082f00000, 0x0000000083000000|  0%| F|  |TAMS 0x0000000082f00000, 0x0000000082f00000| Untracked 
|  48|0x0000000083000000, 0x0000000083000000, 0x0000000083100000|  0%| F|  |TAMS 0x0000000083000000, 0x0000000083000000| Untracked 
|  49|0x0000000083100000, 0x0000000083100000, 0x0000000083200000|  0%| F|  |TAMS 0x0000000083100000, 0x0000000083100000| Untracked 
|  50|0x0000000083200000, 0x0000000083200000, 0x0000000083300000|  0%| F|  |TAMS 0x0000000083200000, 0x0000000083200000| Untracked 
|  51|0x0000000083300000, 0x0000000083300000, 0x0000000083400000|  0%| F|  |TAMS 0x0000000083300000, 0x0000000083300000| Untracked 
|  52|0x0000000083400000, 0x0000000083400000, 0x0000000083500000|  0%| F|  |TAMS 0x0000000083400000, 0x0000000083400000| Untracked 
|  53|0x0000000083500000, 0x0000000083500000, 0x0000000083600000|  0%| F|  |TAMS 0x0000000083500000, 0x0000000083500000| Untracked 
|  54|0x0000000083600000, 0x0000000083600000, 0x0000000083700000|  0%| F|  |TAMS 0x0000000083600000, 0x0000000083600000| Untracked 
|  55|0x0000000083700000, 0x0000000083700000, 0x0000000083800000|  0%| F|  |TAMS 0x0000000083700000, 0x0000000083700000| Untracked 
|  56|0x0000000083800000, 0x0000000083800000, 0x0000000083900000|  0%| F|  |TAMS 0x0000000083800000, 0x0000000083800000| Untracked 
|  57|0x0000000083900000, 0x0000000083900000, 0x0000000083a00000|  0%| F|  |TAMS 0x0000000083900000, 0x0000000083900000| Untracked 
|  58|0x0000000083a00000, 0x0000000083a00000, 0x0000000083b00000|  0%| F|  |TAMS 0x0000000083a00000, 0x0000000083a00000| Untracked 
|  59|0x0000000083b00000, 0x0000000083b00000, 0x0000000083c00000|  0%| F|  |TAMS 0x0000000083b00000, 0x0000000083b00000| Untracked 
|  60|0x0000000083c00000, 0x0000000083c00000, 0x0000000083d00000|  0%| F|  |TAMS 0x0000000083c00000, 0x0000000083c00000| Untracked 
|  61|0x0000000083d00000, 0x0000000083d00000, 0x0000000083e00000|  0%| F|  |TAMS 0x0000000083d00000, 0x0000000083d00000| Untracked 
|  62|0x0000000083e00000, 0x0000000083e95f90, 0x0000000083f00000| 58%| S|CS|TAMS 0x0000000083e00000, 0x0000000083e00000| Complete 
|  63|0x0000000083f00000, 0x0000000084000000, 0x0000000084000000|100%| S|CS|TAMS 0x0000000083f00000, 0x0000000083f00000| Complete 
|  64|0x0000000084000000, 0x0000000084100000, 0x0000000084100000|100%| S|CS|TAMS 0x0000000084000000, 0x0000000084000000| Complete 
|  65|0x0000000084100000, 0x0000000084200000, 0x0000000084200000|100%| S|CS|TAMS 0x0000000084100000, 0x0000000084100000| Complete 
|  66|0x0000000084200000, 0x0000000084200000, 0x0000000084300000|  0%| F|  |TAMS 0x0000000084200000, 0x0000000084200000| Untracked 
|  67|0x0000000084300000, 0x0000000084300000, 0x0000000084400000|  0%| F|  |TAMS 0x0000000084300000, 0x0000000084300000| Untracked 
|  68|0x0000000084400000, 0x0000000084400000, 0x0000000084500000|  0%| F|  |TAMS 0x0000000084400000, 0x0000000084400000| Untracked 
|  69|0x0000000084500000, 0x0000000084500000, 0x0000000084600000|  0%| F|  |TAMS 0x0000000084500000, 0x0000000084500000| Untracked 
|  70|0x0000000084600000, 0x0000000084600000, 0x0000000084700000|  0%| F|  |TAMS 0x0000000084600000, 0x0000000084600000| Untracked 
|  71|0x0000000084700000, 0x0000000084700000, 0x0000000084800000|  0%| F|  |TAMS 0x0000000084700000, 0x0000000084700000| Untracked 
|  72|0x0000000084800000, 0x0000000084800000, 0x0000000084900000|  0%| F|  |TAMS 0x0000000084800000, 0x0000000084800000| Untracked 
|  73|0x0000000084900000, 0x0000000084900000, 0x0000000084a00000|  0%| F|  |TAMS 0x0000000084900000, 0x0000000084900000| Untracked 
|  74|0x0000000084a00000, 0x0000000084a00000, 0x0000000084b00000|  0%| F|  |TAMS 0x0000000084a00000, 0x0000000084a00000| Untracked 
|  75|0x0000000084b00000, 0x0000000084b00000, 0x0000000084c00000|  0%| F|  |TAMS 0x0000000084b00000, 0x0000000084b00000| Untracked 
|  76|0x0000000084c00000, 0x0000000084c00000, 0x0000000084d00000|  0%| F|  |TAMS 0x0000000084c00000, 0x0000000084c00000| Untracked 
|  77|0x0000000084d00000, 0x0000000084d00000, 0x0000000084e00000|  0%| F|  |TAMS 0x0000000084d00000, 0x0000000084d00000| Untracked 
|  78|0x0000000084e00000, 0x0000000084e00000, 0x0000000084f00000|  0%| F|  |TAMS 0x0000000084e00000, 0x0000000084e00000| Untracked 
|  79|0x0000000084f00000, 0x0000000084f00000, 0x0000000085000000|  0%| F|  |TAMS 0x0000000084f00000, 0x0000000084f00000| Untracked 
|  80|0x0000000085000000, 0x0000000085000000, 0x0000000085100000|  0%| F|  |TAMS 0x0000000085000000, 0x0000000085000000| Untracked 
|  81|0x0000000085100000, 0x0000000085100000, 0x0000000085200000|  0%| F|  |TAMS 0x0000000085100000, 0x0000000085100000| Untracked 
|  82|0x0000000085200000, 0x0000000085200000, 0x0000000085300000|  0%| F|  |TAMS 0x0000000085200000, 0x0000000085200000| Untracked 
|  83|0x0000000085300000, 0x0000000085300000, 0x0000000085400000|  0%| F|  |TAMS 0x0000000085300000, 0x0000000085300000| Untracked 
|  84|0x0000000085400000, 0x0000000085500000, 0x0000000085500000|100%| E|  |TAMS 0x0000000085400000, 0x0000000085400000| Complete 
|  85|0x0000000085500000, 0x0000000085600000, 0x0000000085600000|100%| E|CS|TAMS 0x0000000085500000, 0x0000000085500000| Complete 
|  86|0x0000000085600000, 0x0000000085700000, 0x0000000085700000|100%| E|CS|TAMS 0x0000000085600000, 0x0000000085600000| Complete 
|  87|0x0000000085700000, 0x0000000085800000, 0x0000000085800000|100%| E|CS|TAMS 0x0000000085700000, 0x0000000085700000| Complete 
|  88|0x0000000085800000, 0x0000000085900000, 0x0000000085900000|100%| E|CS|TAMS 0x0000000085800000, 0x0000000085800000| Complete 
|  89|0x0000000085900000, 0x0000000085a00000, 0x0000000085a00000|100%| E|CS|TAMS 0x0000000085900000, 0x0000000085900000| Complete 
|  90|0x0000000085a00000, 0x0000000085b00000, 0x0000000085b00000|100%| E|  |TAMS 0x0000000085a00000, 0x0000000085a00000| Complete 
|  91|0x0000000085b00000, 0x0000000085c00000, 0x0000000085c00000|100%| E|CS|TAMS 0x0000000085b00000, 0x0000000085b00000| Complete 
|  92|0x0000000085c00000, 0x0000000085d00000, 0x0000000085d00000|100%| E|CS|TAMS 0x0000000085c00000, 0x0000000085c00000| Complete 
|  93|0x0000000085d00000, 0x0000000085e00000, 0x0000000085e00000|100%| E|CS|TAMS 0x0000000085d00000, 0x0000000085d00000| Complete 
|  94|0x0000000085e00000, 0x0000000085f00000, 0x0000000085f00000|100%| E|CS|TAMS 0x0000000085e00000, 0x0000000085e00000| Complete 
|  95|0x0000000085f00000, 0x0000000086000000, 0x0000000086000000|100%| E|CS|TAMS 0x0000000085f00000, 0x0000000085f00000| Complete 
|  96|0x0000000086000000, 0x0000000086100000, 0x0000000086100000|100%| E|CS|TAMS 0x0000000086000000, 0x0000000086000000| Complete 
|  97|0x0000000086100000, 0x0000000086200000, 0x0000000086200000|100%| E|CS|TAMS 0x0000000086100000, 0x0000000086100000| Complete 
|  98|0x0000000086200000, 0x0000000086300000, 0x0000000086300000|100%| E|CS|TAMS 0x0000000086200000, 0x0000000086200000| Complete 
|  99|0x0000000086300000, 0x0000000086400000, 0x0000000086400000|100%| E|CS|TAMS 0x0000000086300000, 0x0000000086300000| Complete 
| 100|0x0000000086400000, 0x0000000086500000, 0x0000000086500000|100%| E|CS|TAMS 0x0000000086400000, 0x0000000086400000| Complete 
| 101|0x0000000086500000, 0x0000000086600000, 0x0000000086600000|100%| E|CS|TAMS 0x0000000086500000, 0x0000000086500000| Complete 
| 102|0x0000000086600000, 0x0000000086700000, 0x0000000086700000|100%| E|CS|TAMS 0x0000000086600000, 0x0000000086600000| Complete 
| 103|0x0000000086700000, 0x0000000086800000, 0x0000000086800000|100%| E|CS|TAMS 0x0000000086700000, 0x0000000086700000| Complete 
| 104|0x0000000086800000, 0x0000000086900000, 0x0000000086900000|100%| E|CS|TAMS 0x0000000086800000, 0x0000000086800000| Complete 
| 105|0x0000000086900000, 0x0000000086a00000, 0x0000000086a00000|100%| E|CS|TAMS 0x0000000086900000, 0x0000000086900000| Complete 
| 106|0x0000000086a00000, 0x0000000086b00000, 0x0000000086b00000|100%| E|CS|TAMS 0x0000000086a00000, 0x0000000086a00000| Complete 
| 107|0x0000000086b00000, 0x0000000086c00000, 0x0000000086c00000|100%| E|CS|TAMS 0x0000000086b00000, 0x0000000086b00000| Complete 
| 108|0x0000000086c00000, 0x0000000086d00000, 0x0000000086d00000|100%| E|CS|TAMS 0x0000000086c00000, 0x0000000086c00000| Complete 
| 109|0x0000000086d00000, 0x0000000086e00000, 0x0000000086e00000|100%| E|CS|TAMS 0x0000000086d00000, 0x0000000086d00000| Complete 
| 110|0x0000000086e00000, 0x0000000086f00000, 0x0000000086f00000|100%| E|CS|TAMS 0x0000000086e00000, 0x0000000086e00000| Complete 
| 111|0x0000000086f00000, 0x0000000087000000, 0x0000000087000000|100%| E|CS|TAMS 0x0000000086f00000, 0x0000000086f00000| Complete 
| 112|0x0000000087000000, 0x0000000087100000, 0x0000000087100000|100%| E|CS|TAMS 0x0000000087000000, 0x0000000087000000| Complete 
| 113|0x0000000087100000, 0x0000000087200000, 0x0000000087200000|100%| E|CS|TAMS 0x0000000087100000, 0x0000000087100000| Complete 
| 114|0x0000000087200000, 0x0000000087300000, 0x0000000087300000|100%| E|CS|TAMS 0x0000000087200000, 0x0000000087200000| Complete 
| 115|0x0000000087300000, 0x0000000087400000, 0x0000000087400000|100%| E|CS|TAMS 0x0000000087300000, 0x0000000087300000| Complete 
| 116|0x0000000087400000, 0x0000000087500000, 0x0000000087500000|100%| E|CS|TAMS 0x0000000087400000, 0x0000000087400000| Complete 
| 117|0x0000000087500000, 0x0000000087600000, 0x0000000087600000|100%| E|CS|TAMS 0x0000000087500000, 0x0000000087500000| Complete 
| 118|0x0000000087600000, 0x0000000087700000, 0x0000000087700000|100%| E|CS|TAMS 0x0000000087600000, 0x0000000087600000| Complete 
| 119|0x0000000087700000, 0x0000000087800000, 0x0000000087800000|100%| E|CS|TAMS 0x0000000087700000, 0x0000000087700000| Complete 
| 120|0x0000000087800000, 0x0000000087900000, 0x0000000087900000|100%| E|CS|TAMS 0x0000000087800000, 0x0000000087800000| Complete 
| 121|0x0000000087900000, 0x0000000087a00000, 0x0000000087a00000|100%| E|CS|TAMS 0x0000000087900000, 0x0000000087900000| Complete 
| 122|0x0000000087a00000, 0x0000000087b00000, 0x0000000087b00000|100%| E|CS|TAMS 0x0000000087a00000, 0x0000000087a00000| Complete 
| 123|0x0000000087b00000, 0x0000000087c00000, 0x0000000087c00000|100%| E|CS|TAMS 0x0000000087b00000, 0x0000000087b00000| Complete 
| 124|0x0000000087c00000, 0x0000000087d00000, 0x0000000087d00000|100%| E|CS|TAMS 0x0000000087c00000, 0x0000000087c00000| Complete 
| 125|0x0000000087d00000, 0x0000000087e00000, 0x0000000087e00000|100%| E|CS|TAMS 0x0000000087d00000, 0x0000000087d00000| Complete 
| 126|0x0000000087e00000, 0x0000000087f00000, 0x0000000087f00000|100%| E|CS|TAMS 0x0000000087e00000, 0x0000000087e00000| Complete 
| 127|0x0000000087f00000, 0x0000000088000000, 0x0000000088000000|100%| E|CS|TAMS 0x0000000087f00000, 0x0000000087f00000| Complete 
| 128|0x0000000088000000, 0x0000000088100000, 0x0000000088100000|100%| E|CS|TAMS 0x0000000088000000, 0x0000000088000000| Complete 
| 129|0x0000000088100000, 0x0000000088200000, 0x0000000088200000|100%| E|CS|TAMS 0x0000000088100000, 0x0000000088100000| Complete 
| 130|0x0000000088200000, 0x0000000088300000, 0x0000000088300000|100%| E|CS|TAMS 0x0000000088200000, 0x0000000088200000| Complete 
| 131|0x0000000088300000, 0x0000000088400000, 0x0000000088400000|100%| E|CS|TAMS 0x0000000088300000, 0x0000000088300000| Complete 
| 132|0x0000000088400000, 0x0000000088500000, 0x0000000088500000|100%| E|CS|TAMS 0x0000000088400000, 0x0000000088400000| Complete 
| 133|0x0000000088500000, 0x0000000088600000, 0x0000000088600000|100%| E|CS|TAMS 0x0000000088500000, 0x0000000088500000| Complete 
| 134|0x0000000088600000, 0x0000000088700000, 0x0000000088700000|100%| E|CS|TAMS 0x0000000088600000, 0x0000000088600000| Complete 
| 135|0x0000000088700000, 0x0000000088800000, 0x0000000088800000|100%| E|CS|TAMS 0x0000000088700000, 0x0000000088700000| Complete 
| 136|0x0000000088800000, 0x0000000088900000, 0x0000000088900000|100%| E|CS|TAMS 0x0000000088800000, 0x0000000088800000| Complete 
| 137|0x0000000088900000, 0x0000000088a00000, 0x0000000088a00000|100%| E|CS|TAMS 0x0000000088900000, 0x0000000088900000| Complete 
| 138|0x0000000088a00000, 0x0000000088b00000, 0x0000000088b00000|100%| E|CS|TAMS 0x0000000088a00000, 0x0000000088a00000| Complete 
| 139|0x0000000088b00000, 0x0000000088c00000, 0x0000000088c00000|100%| E|CS|TAMS 0x0000000088b00000, 0x0000000088b00000| Complete 
| 140|0x0000000088c00000, 0x0000000088d00000, 0x0000000088d00000|100%| E|CS|TAMS 0x0000000088c00000, 0x0000000088c00000| Complete 
| 141|0x0000000088d00000, 0x0000000088e00000, 0x0000000088e00000|100%| E|CS|TAMS 0x0000000088d00000, 0x0000000088d00000| Complete 
| 142|0x0000000088e00000, 0x0000000088f00000, 0x0000000088f00000|100%| E|CS|TAMS 0x0000000088e00000, 0x0000000088e00000| Complete 
| 143|0x0000000088f00000, 0x0000000089000000, 0x0000000089000000|100%| E|CS|TAMS 0x0000000088f00000, 0x0000000088f00000| Complete 
| 144|0x0000000089000000, 0x0000000089100000, 0x0000000089100000|100%| E|CS|TAMS 0x0000000089000000, 0x0000000089000000| Complete 
| 145|0x0000000089100000, 0x0000000089200000, 0x0000000089200000|100%| E|CS|TAMS 0x0000000089100000, 0x0000000089100000| Complete 
| 146|0x0000000089200000, 0x0000000089300000, 0x0000000089300000|100%| E|CS|TAMS 0x0000000089200000, 0x0000000089200000| Complete 
| 147|0x0000000089300000, 0x0000000089400000, 0x0000000089400000|100%| E|CS|TAMS 0x0000000089300000, 0x0000000089300000| Complete 
| 148|0x0000000089400000, 0x0000000089500000, 0x0000000089500000|100%| E|CS|TAMS 0x0000000089400000, 0x0000000089400000| Complete 
| 149|0x0000000089500000, 0x0000000089600000, 0x0000000089600000|100%| E|CS|TAMS 0x0000000089500000, 0x0000000089500000| Complete 
| 150|0x0000000089600000, 0x0000000089700000, 0x0000000089700000|100%| E|CS|TAMS 0x0000000089600000, 0x0000000089600000| Complete 
| 151|0x0000000089700000, 0x0000000089800000, 0x0000000089800000|100%| E|CS|TAMS 0x0000000089700000, 0x0000000089700000| Complete 
| 152|0x0000000089800000, 0x0000000089900000, 0x0000000089900000|100%| E|CS|TAMS 0x0000000089800000, 0x0000000089800000| Complete 
| 153|0x0000000089900000, 0x0000000089a00000, 0x0000000089a00000|100%| E|CS|TAMS 0x0000000089900000, 0x0000000089900000| Complete 

Card table byte_map: [0x000001fade450000,0x000001fade850000] _byte_map_base: 0x000001fade050000

Marking Bits (Prev, Next): (CMBitMap*) 0x000001fac93817b8, (CMBitMap*) 0x000001fac93817f0
 Prev Bits: [0x000001fadec50000, 0x000001fae0c50000)
 Next Bits: [0x000001fae0c50000, 0x000001fae2c50000)

Polling page: 0x000001fac91e0000

Metaspace:

Usage:
  Non-class:     41.46 MB capacity,    40.73 MB ( 98%) used,   622.86 KB (  1%) free+waste,   122.63 KB ( <1%) overhead. 
      Class:      6.31 MB capacity,     5.90 MB ( 94%) used,   361.50 KB (  6%) free+waste,    58.19 KB ( <1%) overhead. 
       Both:     47.77 MB capacity,    46.63 MB ( 98%) used,   984.36 KB (  2%) free+waste,   180.81 KB ( <1%) overhead. 

Virtual space:
  Non-class space:       42.00 MB reserved,      41.50 MB ( 99%) committed 
      Class space:        1.00 GB reserved,       6.32 MB ( <1%) committed 
             Both:        1.04 GB reserved,      47.82 MB (  4%) committed 

Chunk freelists:
   Non-Class:  40.00 KB
       Class:  2.00 KB
        Both:  42.00 KB

MaxMetaspaceSize: 17179869184.00 GB
CompressedClassSpaceSize: 1.00 GB

CodeHeap 'non-profiled nmethods': size=120000Kb used=5289Kb max_used=5289Kb free=114710Kb
 bounds [0x000001fad60c0000, 0x000001fad65f0000, 0x000001fadd5f0000]
CodeHeap 'profiled nmethods': size=120000Kb used=13215Kb max_used=13215Kb free=106785Kb
 bounds [0x000001faceb90000, 0x000001facf880000, 0x000001fad60c0000]
CodeHeap 'non-nmethods': size=5760Kb used=2221Kb max_used=2313Kb free=3538Kb
 bounds [0x000001face5f0000, 0x000001face860000, 0x000001faceb90000]
 total_blobs=6725 nmethods=5932 adapters=704
 compilation: enabled
              stopped_count=0, restarted_count=0
 full_count=0

Compilation events (20 events):
Event: 26.878 Thread 0x000001fae7570800 nmethod 5965 0x000001fad65ea310 code [0x000001fad65ea4a0, 0x000001fad65ea518]
Event: 26.878 Thread 0x000001fae7570800 5925       4       org.gradle.internal.classpath.ClasspathBuilder$ZipEntryBuilder::put (44 bytes)
Event: 27.086 Thread 0x000001fae5fbf800 5989       2       org.gradle.cache.internal.DefaultFileLockManager$DefaultFileLock::lockInformationRegion (15 bytes)
Event: 27.086 Thread 0x000001fae5fbf800 nmethod 5989 0x000001facf873a10 code [0x000001facf873be0, 0x000001facf873e48]
Event: 27.086 Thread 0x000001fae5fbf800 5990       2       org.gradle.cache.internal.DefaultFileLockManager$DefaultFileLock$$Lambda$76/0x00000001001c6440::get$Lambda (10 bytes)
Event: 27.086 Thread 0x000001fae5fbf800 nmethod 5990 0x000001facf873f90 code [0x000001facf874140, 0x000001facf874338]
Event: 27.086 Thread 0x000001fae5fbf800 5991       2       org.gradle.cache.internal.DefaultFileLockManager$DefaultFileLock$$Lambda$76/0x00000001001c6440::<init> (15 bytes)
Event: 27.087 Thread 0x000001fae5fbf800 nmethod 5991 0x000001facf874410 code [0x000001facf8745c0, 0x000001facf874758]
Event: 27.087 Thread 0x000001fae5fbf800 5992       2       java.util.concurrent.ThreadPoolExecutor::afterExecute (1 bytes)
Event: 27.087 Thread 0x000001fae5fbf800 nmethod 5992 0x000001facf874810 code [0x000001facf8749c0, 0x000001facf874ab8]
Event: 27.171 Thread 0x000001fae5fbf800 5995       2       org.gradle.internal.hash.Hashing$MessageDigestHasher::putHash (9 bytes)
Event: 27.171 Thread 0x000001fae5fbf800 nmethod 5995 0x000001facf874b90 code [0x000001facf874d60, 0x000001facf874f98]
Event: 27.173 Thread 0x000001fae5fbf800 5996       2       org.gradle.internal.io.ExponentialBackoff::<init> (35 bytes)
Event: 27.174 Thread 0x000001fae5fbf800 nmethod 5996 0x000001facf875190 code [0x000001facf875380, 0x000001facf8757d8]
Event: 27.174 Thread 0x000001fae5fbf800 5997       2       java.io.BufferedOutputStream::<init> (27 bytes)
Event: 27.175 Thread 0x000001fae5fbf800 nmethod 5997 0x000001facf875990 code [0x000001facf875b60, 0x000001facf875f08]
Event: 27.204 Thread 0x000001fae5fbf800 5998       2       java.io.File::createNewFile (44 bytes)
Event: 27.205 Thread 0x000001fae5fbf800 nmethod 5998 0x000001facf876010 code [0x000001facf876220, 0x000001facf876598]
Event: 27.211 Thread 0x000001fae5fbf800 5999       2       org.gradle.internal.snapshot.RegularFileSnapshot::getType (4 bytes)
Event: 27.211 Thread 0x000001fae5fbf800 nmethod 5999 0x000001facf876790 code [0x000001facf876940, 0x000001facf876a38]

GC Heap History (20 events):
Event: 23.601 GC heap before
{Heap before GC invocations=22 (full 0):
 garbage-first heap   total 157696K, used 125530K [0x0000000080000000, 0x0000000100000000)
  region size 1024K, 92 young (94208K), 6 survivors (6144K)
 Metaspace       used 47635K, capacity 48787K, committed 48972K, reserved 1091584K
  class space    used 6041K, capacity 6462K, committed 6476K, reserved 1048576K
}
Event: 23.604 GC heap after
{Heap after GC invocations=23 (full 0):
 garbage-first heap   total 157696K, used 37042K [0x0000000080000000, 0x0000000100000000)
  region size 1024K, 5 young (5120K), 5 survivors (5120K)
 Metaspace       used 47635K, capacity 48787K, committed 48972K, reserved 1091584K
  class space    used 6041K, capacity 6462K, committed 6476K, reserved 1048576K
}
Event: 24.238 GC heap before
{Heap before GC invocations=23 (full 0):
 garbage-first heap   total 157696K, used 125106K [0x0000000080000000, 0x0000000100000000)
  region size 1024K, 92 young (94208K), 5 survivors (5120K)
 Metaspace       used 47658K, capacity 48915K, committed 48972K, reserved 1091584K
  class space    used 6041K, capacity 6462K, committed 6476K, reserved 1048576K
}
Event: 24.240 GC heap after
{Heap after GC invocations=24 (full 0):
 garbage-first heap   total 157696K, used 34693K [0x0000000080000000, 0x0000000100000000)
  region size 1024K, 3 young (3072K), 3 survivors (3072K)
 Metaspace       used 47658K, capacity 48915K, committed 48972K, reserved 1091584K
  class space    used 6041K, capacity 6462K, committed 6476K, reserved 1048576K
}
Event: 24.563 GC heap before
{Heap before GC invocations=24 (full 0):
 garbage-first heap   total 157696K, used 124805K [0x0000000080000000, 0x0000000100000000)
  region size 1024K, 92 young (94208K), 3 survivors (3072K)
 Metaspace       used 47693K, capacity 48915K, committed 48972K, reserved 1091584K
  class space    used 6042K, capacity 6462K, committed 6476K, reserved 1048576K
}
Event: 24.566 GC heap after
{Heap after GC invocations=25 (full 0):
 garbage-first heap   total 157696K, used 36330K [0x0000000080000000, 0x0000000100000000)
  region size 1024K, 5 young (5120K), 5 survivors (5120K)
 Metaspace       used 47693K, capacity 48915K, committed 48972K, reserved 1091584K
  class space    used 6042K, capacity 6462K, committed 6476K, reserved 1048576K
}
Event: 24.872 GC heap before
{Heap before GC invocations=25 (full 0):
 garbage-first heap   total 157696K, used 124394K [0x0000000080000000, 0x0000000100000000)
  region size 1024K, 92 young (94208K), 5 survivors (5120K)
 Metaspace       used 47701K, capacity 48915K, committed 48972K, reserved 1091584K
  class space    used 6042K, capacity 6462K, committed 6476K, reserved 1048576K
}
Event: 24.875 GC heap after
{Heap after GC invocations=26 (full 0):
 garbage-first heap   total 157696K, used 36096K [0x0000000080000000, 0x0000000100000000)
  region size 1024K, 5 young (5120K), 5 survivors (5120K)
 Metaspace       used 47701K, capacity 48915K, committed 48972K, reserved 1091584K
  class space    used 6042K, capacity 6462K, committed 6476K, reserved 1048576K
}
Event: 25.229 GC heap before
{Heap before GC invocations=26 (full 0):
 garbage-first heap   total 157696K, used 124160K [0x0000000080000000, 0x0000000100000000)
  region size 1024K, 93 young (95232K), 5 survivors (5120K)
 Metaspace       used 47709K, capacity 48915K, committed 48972K, reserved 1091584K
  class space    used 6042K, capacity 6462K, committed 6476K, reserved 1048576K
}
Event: 25.233 GC heap after
{Heap after GC invocations=27 (full 0):
 garbage-first heap   total 157696K, used 37192K [0x0000000080000000, 0x0000000100000000)
  region size 1024K, 6 young (6144K), 6 survivors (6144K)
 Metaspace       used 47709K, capacity 48915K, committed 48972K, reserved 1091584K
  class space    used 6042K, capacity 6462K, committed 6476K, reserved 1048576K
}
Event: 25.518 GC heap before
{Heap before GC invocations=27 (full 0):
 garbage-first heap   total 157696K, used 126280K [0x0000000080000000, 0x0000000100000000)
  region size 1024K, 93 young (95232K), 6 survivors (6144K)
 Metaspace       used 47710K, capacity 48915K, committed 48972K, reserved 1091584K
  class space    used 6042K, capacity 6462K, committed 6476K, reserved 1048576K
}
Event: 25.521 GC heap after
{Heap after GC invocations=28 (full 0):
 garbage-first heap   total 157696K, used 37307K [0x0000000080000000, 0x0000000100000000)
  region size 1024K, 6 young (6144K), 6 survivors (6144K)
 Metaspace       used 47710K, capacity 48915K, committed 48972K, reserved 1091584K
  class space    used 6042K, capacity 6462K, committed 6476K, reserved 1048576K
}
Event: 25.881 GC heap before
{Heap before GC invocations=28 (full 0):
 garbage-first heap   total 157696K, used 124347K [0x0000000080000000, 0x0000000100000000)
  region size 1024K, 92 young (94208K), 6 survivors (6144K)
 Metaspace       used 47718K, capacity 48915K, committed 48972K, reserved 1091584K
  class space    used 6042K, capacity 6462K, committed 6476K, reserved 1048576K
}
Event: 25.885 GC heap after
{Heap after GC invocations=29 (full 0):
 garbage-first heap   total 157696K, used 35627K [0x0000000080000000, 0x0000000100000000)
  region size 1024K, 4 young (4096K), 4 survivors (4096K)
 Metaspace       used 47718K, capacity 48915K, committed 48972K, reserved 1091584K
  class space    used 6042K, capacity 6462K, committed 6476K, reserved 1048576K
}
Event: 26.309 GC heap before
{Heap before GC invocations=29 (full 0):
 garbage-first heap   total 157696K, used 128811K [0x0000000080000000, 0x0000000100000000)
  region size 1024K, 92 young (94208K), 4 survivors (4096K)
 Metaspace       used 47726K, capacity 48915K, committed 48972K, reserved 1091584K
  class space    used 6042K, capacity 6462K, committed 6476K, reserved 1048576K
}
Event: 26.312 GC heap after
{Heap after GC invocations=30 (full 0):
 garbage-first heap   total 157696K, used 37726K [0x0000000080000000, 0x0000000100000000)
  region size 1024K, 4 young (4096K), 4 survivors (4096K)
 Metaspace       used 47726K, capacity 48915K, committed 48972K, reserved 1091584K
  class space    used 6042K, capacity 6462K, committed 6476K, reserved 1048576K
}
Event: 26.652 GC heap before
{Heap before GC invocations=30 (full 0):
 garbage-first heap   total 157696K, used 126814K [0x0000000080000000, 0x0000000100000000)
  region size 1024K, 93 young (95232K), 4 survivors (4096K)
 Metaspace       used 47736K, capacity 48915K, committed 48972K, reserved 1091584K
  class space    used 6042K, capacity 6462K, committed 6476K, reserved 1048576K
}
Event: 26.655 GC heap after
{Heap after GC invocations=31 (full 0):
 garbage-first heap   total 157696K, used 38240K [0x0000000080000000, 0x0000000100000000)
  region size 1024K, 4 young (4096K), 4 survivors (4096K)
 Metaspace       used 47736K, capacity 48915K, committed 48972K, reserved 1091584K
  class space    used 6042K, capacity 6462K, committed 6476K, reserved 1048576K
}
Event: 27.029 GC heap before
{Heap before GC invocations=31 (full 0):
 garbage-first heap   total 157696K, used 128352K [0x0000000080000000, 0x0000000100000000)
  region size 1024K, 92 young (94208K), 4 survivors (4096K)
 Metaspace       used 47744K, capacity 48917K, committed 48972K, reserved 1091584K
  class space    used 6042K, capacity 6462K, committed 6476K, reserved 1048576K
}
Event: 27.032 GC heap after
{Heap after GC invocations=32 (full 0):
 garbage-first heap   total 157696K, used 38165K [0x0000000080000000, 0x0000000100000000)
  region size 1024K, 4 young (4096K), 4 survivors (4096K)
 Metaspace       used 47744K, capacity 48917K, committed 48972K, reserved 1091584K
  class space    used 6042K, capacity 6462K, committed 6476K, reserved 1048576K
}

Deoptimization events (20 events):
Event: 27.183 Thread 0x000001fae851e800 DEOPT UNPACKING pc=0x000001face6176ce sp=0x000000f3f23fd760 mode 0
Event: 27.185 Thread 0x000001fae9daa000 DEOPT PACKING pc=0x000001facf7b5674 sp=0x000000f3f16fe340
Event: 27.185 Thread 0x000001fae9daa000 DEOPT UNPACKING pc=0x000001face6176ce sp=0x000000f3f16fd9c0 mode 0
Event: 27.186 Thread 0x000001fae9daa000 DEOPT PACKING pc=0x000001facf7b5674 sp=0x000000f3f16fe340
Event: 27.186 Thread 0x000001fae9daa000 DEOPT UNPACKING pc=0x000001face6176ce sp=0x000000f3f16fd9c0 mode 0
Event: 27.188 Thread 0x000001fae9dad800 DEOPT PACKING pc=0x000001facf7b5674 sp=0x000000f3f13fe2e0
Event: 27.188 Thread 0x000001fae9dad800 DEOPT UNPACKING pc=0x000001face6176ce sp=0x000000f3f13fd960 mode 0
Event: 27.189 Thread 0x000001fae851e800 DEOPT PACKING pc=0x000001facf7b5674 sp=0x000000f3f23fe0e0
Event: 27.189 Thread 0x000001fae851e800 DEOPT UNPACKING pc=0x000001face6176ce sp=0x000000f3f23fd760 mode 0
Event: 27.193 Thread 0x000001fae9daa000 DEOPT PACKING pc=0x000001facf7b5674 sp=0x000000f3f16fe340
Event: 27.197 Thread 0x000001fae9dad800 DEOPT PACKING pc=0x000001facf7b3946 sp=0x000000f3f13fe2e0
Event: 27.197 Thread 0x000001fae9dad800 DEOPT UNPACKING pc=0x000001face6176ce sp=0x000000f3f13fd960 mode 0
Event: 27.198 Thread 0x000001fae851e800 DEOPT PACKING pc=0x000001facf7b5674 sp=0x000000f3f23fe0e0
Event: 27.198 Thread 0x000001fae851e800 DEOPT UNPACKING pc=0x000001face6176ce sp=0x000000f3f23fd760 mode 0
Event: 27.201 Thread 0x000001fae9dad800 DEOPT PACKING pc=0x000001facf7b3946 sp=0x000000f3f13fe2e0
Event: 27.201 Thread 0x000001fae9dad800 DEOPT UNPACKING pc=0x000001face6176ce sp=0x000000f3f13fd960 mode 0
Event: 27.204 Thread 0x000001fae851e800 DEOPT PACKING pc=0x000001facf7b5674 sp=0x000000f3f23fe0e0
Event: 27.204 Thread 0x000001fae851e800 DEOPT UNPACKING pc=0x000001face6176ce sp=0x000000f3f23fd760 mode 0
Event: 27.219 Thread 0x000001fae851e800 DEOPT PACKING pc=0x000001facf7b3946 sp=0x000000f3f23fe0e0
Event: 27.219 Thread 0x000001fae851e800 DEOPT UNPACKING pc=0x000001face6176ce sp=0x000000f3f23fd760 mode 0

Classes redefined (0 events):
No events

Internal exceptions (20 events):
Event: 26.801 Thread 0x000001fae851e800 Exception <a 'sun/nio/fs/WindowsException'{0x00000000877e3268}> (0x00000000877e3268) thrown at [./src/hotspot/share/prims/jni.cpp, line 615]
Event: 26.823 Thread 0x000001fae851e800 Exception <a 'sun/nio/fs/WindowsException'{0x00000000877e3420}> (0x00000000877e3420) thrown at [./src/hotspot/share/prims/jni.cpp, line 615]
Event: 26.845 Thread 0x000001fae8521000 Exception <a 'sun/nio/fs/WindowsException'{0x000000008768ba10}> (0x000000008768ba10) thrown at [./src/hotspot/share/prims/jni.cpp, line 615]
Event: 26.849 Thread 0x000001fae9dad800 Exception <a 'sun/nio/fs/WindowsException'{0x0000000088828cc8}> (0x0000000088828cc8) thrown at [./src/hotspot/share/prims/jni.cpp, line 615]
Event: 26.850 Thread 0x000001fae8522000 Exception <a 'sun/nio/fs/WindowsException'{0x0000000087594c08}> (0x0000000087594c08) thrown at [./src/hotspot/share/prims/jni.cpp, line 615]
Event: 26.896 Thread 0x000001fae851e800 Exception <a 'sun/nio/fs/WindowsException'{0x0000000087084a40}> (0x0000000087084a40) thrown at [./src/hotspot/share/prims/jni.cpp, line 615]
Event: 26.955 Thread 0x000001fae851e800 Exception <a 'sun/nio/fs/WindowsException'{0x0000000084ca2490}> (0x0000000084ca2490) thrown at [./src/hotspot/share/prims/jni.cpp, line 615]
Event: 26.956 Thread 0x000001fae851e800 Exception <a 'sun/nio/fs/WindowsException'{0x0000000084ca2670}> (0x0000000084ca2670) thrown at [./src/hotspot/share/prims/jni.cpp, line 615]
Event: 26.963 Thread 0x000001fae851e800 Exception <a 'sun/nio/fs/WindowsException'{0x0000000084cb9b50}> (0x0000000084cb9b50) thrown at [./src/hotspot/share/prims/jni.cpp, line 615]
Event: 26.971 Thread 0x000001fae9dad800 Exception <a 'sun/nio/fs/WindowsException'{0x0000000084410ed8}> (0x0000000084410ed8) thrown at [./src/hotspot/share/prims/jni.cpp, line 615]
Event: 27.047 Thread 0x000001fae9dad800 Exception <a 'sun/nio/fs/WindowsException'{0x0000000089237a90}> (0x0000000089237a90) thrown at [./src/hotspot/share/prims/jni.cpp, line 615]
Event: 27.134 Thread 0x000001fae8522000 Exception <a 'sun/nio/fs/WindowsException'{0x00000000893208b8}> (0x00000000893208b8) thrown at [./src/hotspot/share/prims/jni.cpp, line 615]
Event: 27.135 Thread 0x000001fae9dad800 Exception <a 'sun/nio/fs/WindowsException'{0x000000008925b1b0}> (0x000000008925b1b0) thrown at [./src/hotspot/share/prims/jni.cpp, line 615]
Event: 27.169 Thread 0x000001fae851e800 Exception <a 'sun/nio/fs/WindowsException'{0x00000000883fce78}> (0x00000000883fce78) thrown at [./src/hotspot/share/prims/jni.cpp, line 615]
Event: 27.169 Thread 0x000001fae8522000 Exception <a 'sun/nio/fs/WindowsException'{0x0000000089320a90}> (0x0000000089320a90) thrown at [./src/hotspot/share/prims/jni.cpp, line 615]
Event: 27.170 Thread 0x000001fae851e800 Exception <a 'sun/nio/fs/WindowsException'{0x00000000883fd040}> (0x00000000883fd040) thrown at [./src/hotspot/share/prims/jni.cpp, line 615]
Event: 27.177 Thread 0x000001fae851e800 Exception <a 'sun/nio/fs/WindowsException'{0x00000000881f10c8}> (0x00000000881f10c8) thrown at [./src/hotspot/share/prims/jni.cpp, line 615]
Event: 27.203 Thread 0x000001fae8525000 Exception <a 'sun/nio/fs/WindowsException'{0x00000000873b1408}> (0x00000000873b1408) thrown at [./src/hotspot/share/prims/jni.cpp, line 615]
Event: 27.204 Thread 0x000001fae8525000 Exception <a 'sun/nio/fs/WindowsException'{0x00000000873b1590}> (0x00000000873b1590) thrown at [./src/hotspot/share/prims/jni.cpp, line 615]
Event: 27.211 Thread 0x000001fae8522000 Exception <a 'sun/nio/fs/WindowsException'{0x0000000089328da0}> (0x0000000089328da0) thrown at [./src/hotspot/share/prims/jni.cpp, line 615]

Events (20 events):
Event: 25.222 Executing VM operation: G1CollectForAllocation done
Event: 25.229 Executing VM operation: G1CollectForAllocation
Event: 25.233 Executing VM operation: G1CollectForAllocation done
Event: 25.461 Executing VM operation: G1CollectForAllocation
Event: 25.515 Executing VM operation: G1CollectForAllocation done
Event: 25.518 Executing VM operation: G1CollectForAllocation
Event: 25.521 Executing VM operation: G1CollectForAllocation done
Event: 25.647 Loaded shared library C:\Program Files\Android\Android Studio\jre\bin\zip.dll
Event: 25.879 Executing VM operation: G1CollectForAllocation
Event: 25.885 Executing VM operation: G1CollectForAllocation done
Event: 26.223 Executing VM operation: G1CollectForAllocation
Event: 26.309 Executing VM operation: G1CollectForAllocation done
Event: 26.309 Executing VM operation: G1CollectForAllocation
Event: 26.312 Executing VM operation: G1CollectForAllocation done
Event: 26.608 Executing VM operation: G1CollectForAllocation
Event: 26.649 Executing VM operation: G1CollectForAllocation done
Event: 26.652 Executing VM operation: G1CollectForAllocation
Event: 26.655 Executing VM operation: G1CollectForAllocation done
Event: 26.974 Executing VM operation: G1CollectForAllocation
Event: 27.032 Executing VM operation: G1CollectForAllocation done


Dynamic libraries:
0x00007ff7ed980000 - 0x00007ff7ed98a000 	C:\Program Files\Android\Android Studio\jre\bin\java.exe
0x00007ff956680000 - 0x00007ff956870000 	C:\WINDOWS\SYSTEM32\ntdll.dll
0x00007ff955140000 - 0x00007ff9551f2000 	C:\WINDOWS\System32\KERNEL32.DLL
0x00007ff9535f0000 - 0x00007ff953895000 	C:\WINDOWS\System32\KERNELBASE.dll
0x00007ff954020000 - 0x00007ff95411a000 	C:\WINDOWS\System32\ucrtbase.dll
0x00007ff91e470000 - 0x00007ff91e487000 	C:\Program Files\Android\Android Studio\jre\bin\VCRUNTIME140.dll
0x00007ff91f750000 - 0x00007ff91f769000 	C:\Program Files\Android\Android Studio\jre\bin\jli.dll
0x00007ff954d90000 - 0x00007ff954f24000 	C:\WINDOWS\System32\USER32.dll
0x00007ff954510000 - 0x00007ff954531000 	C:\WINDOWS\System32\win32u.dll
0x00007ff954f40000 - 0x00007ff954f66000 	C:\WINDOWS\System32\GDI32.dll
0x00007ff9542e0000 - 0x00007ff954478000 	C:\WINDOWS\System32\gdi32full.dll
0x00007ff954120000 - 0x00007ff9541be000 	C:\WINDOWS\System32\msvcp_win.dll
0x00007ff9470f0000 - 0x00007ff947374000 	C:\WINDOWS\WinSxS\amd64_microsoft.windows.common-controls_6595b64144ccf1df_6.0.18362.1556_none_9e7e372fe45e41d5\COMCTL32.dll
0x00007ff955e60000 - 0x00007ff955efe000 	C:\WINDOWS\System32\msvcrt.dll
0x00007ff956300000 - 0x00007ff956636000 	C:\WINDOWS\System32\combase.dll
0x00007ff955b90000 - 0x00007ff955caf000 	C:\WINDOWS\System32\RPCRT4.dll
0x00007ff9546a0000 - 0x00007ff954721000 	C:\WINDOWS\System32\bcryptPrimitives.dll
0x00007ff955110000 - 0x00007ff95513e000 	C:\WINDOWS\System32\IMM32.DLL
0x00007ff908ff0000 - 0x00007ff90908d000 	C:\Program Files\Android\Android Studio\jre\bin\msvcp140.dll
0x00007ff8e55e0000 - 0x00007ff8e60af000 	C:\Program Files\Android\Android Studio\jre\bin\server\jvm.dll
0x00007ff954f80000 - 0x00007ff955023000 	C:\WINDOWS\System32\ADVAPI32.dll
0x00007ff955af0000 - 0x00007ff955b87000 	C:\WINDOWS\System32\sechost.dll
0x00007ff954f30000 - 0x00007ff954f38000 	C:\WINDOWS\System32\PSAPI.DLL
0x00007ff950590000 - 0x00007ff9505b4000 	C:\WINDOWS\SYSTEM32\WINMM.dll
0x00007ff94b130000 - 0x00007ff94b13a000 	C:\WINDOWS\SYSTEM32\VERSION.dll
0x00007ff936120000 - 0x00007ff936129000 	C:\WINDOWS\SYSTEM32\WSOCK32.dll
0x00007ff94ffa0000 - 0x00007ff94ffcd000 	C:\WINDOWS\SYSTEM32\WINMMBASE.dll
0x00007ff9541c0000 - 0x00007ff95420a000 	C:\WINDOWS\System32\cfgmgr32.dll
0x00007ff955a00000 - 0x00007ff955a6f000 	C:\WINDOWS\System32\ws2_32.DLL
0x00007ff953590000 - 0x00007ff9535a1000 	C:\WINDOWS\System32\kernel.appcore.dll
0x00007ff945ec0000 - 0x00007ff945ed1000 	C:\Program Files\Android\Android Studio\jre\bin\verify.dll
0x00007ff936830000 - 0x00007ff936a24000 	C:\WINDOWS\SYSTEM32\DBGHELP.DLL
0x00007ff935f20000 - 0x00007ff935f4a000 	C:\WINDOWS\SYSTEM32\dbgcore.DLL
0x00007ff945d30000 - 0x00007ff945d59000 	C:\Program Files\Android\Android Studio\jre\bin\java.dll
0x00007ff94b080000 - 0x00007ff94b08b000 	C:\Program Files\Android\Android Studio\jre\bin\jimage.dll
0x00007ff942c20000 - 0x00007ff942c38000 	C:\Program Files\Android\Android Studio\jre\bin\zip.dll
0x00007ff955200000 - 0x00007ff9558e7000 	C:\WINDOWS\System32\SHELL32.dll
0x00007ff954ce0000 - 0x00007ff954d88000 	C:\WINDOWS\System32\shcore.dll
0x00007ff9538a0000 - 0x00007ff95401b000 	C:\WINDOWS\System32\windows.storage.dll
0x00007ff9535b0000 - 0x00007ff9535ce000 	C:\WINDOWS\System32\profapi.dll
0x00007ff953540000 - 0x00007ff95358a000 	C:\WINDOWS\System32\powrprof.dll
0x00007ff953530000 - 0x00007ff953540000 	C:\WINDOWS\System32\UMPDC.dll
0x00007ff9559a0000 - 0x00007ff9559f2000 	C:\WINDOWS\System32\shlwapi.dll
0x00007ff9542c0000 - 0x00007ff9542d7000 	C:\WINDOWS\System32\cryptsp.dll
0x00007ff941680000 - 0x00007ff94169a000 	C:\Program Files\Android\Android Studio\jre\bin\net.dll
0x00007ff947d00000 - 0x00007ff947dfa000 	C:\WINDOWS\SYSTEM32\WINHTTP.dll
0x00007ff952d70000 - 0x00007ff952dd7000 	C:\WINDOWS\system32\mswsock.dll
0x00007ff941660000 - 0x00007ff941674000 	C:\Program Files\Android\Android Studio\jre\bin\nio.dll
0x00007ff945ef0000 - 0x00007ff945f17000 	C:\Users\TinNguyen\.gradle\native\8bec1ad78214c89d9ad589b4d07fe93259594b29d510b10fafb7a158f7737e5d\windows-amd64\native-platform.dll
0x00007ff90db00000 - 0x00007ff90dc3d000 	C:\Users\TinNguyen\.gradle\native\53dbd7edfb1c66fb8903c78663c9afc45aea4f116125fa6feffd364cf09443e8\windows-amd64\native-platform-file-events.dll
0x00007ff94b000000 - 0x00007ff94b00a000 	C:\Program Files\Android\Android Studio\jre\bin\management.dll
0x00007ff94ad90000 - 0x00007ff94ad9c000 	C:\Program Files\Android\Android Studio\jre\bin\management_ext.dll
0x00007ff9528f0000 - 0x00007ff952923000 	C:\WINDOWS\system32\rsaenh.dll
0x00007ff954480000 - 0x00007ff9544a6000 	C:\WINDOWS\System32\bcrypt.dll
0x00007ff953450000 - 0x00007ff953475000 	C:\WINDOWS\SYSTEM32\USERENV.dll
0x00007ff952f40000 - 0x00007ff952f4c000 	C:\WINDOWS\SYSTEM32\CRYPTBASE.dll
0x00007ff952a80000 - 0x00007ff952aba000 	C:\WINDOWS\SYSTEM32\IPHLPAPI.DLL
0x00007ff954f70000 - 0x00007ff954f78000 	C:\WINDOWS\System32\NSI.dll
0x00007ff94a140000 - 0x00007ff94a156000 	C:\WINDOWS\SYSTEM32\dhcpcsvc6.DLL
0x00007ff94a010000 - 0x00007ff94a02c000 	C:\WINDOWS\SYSTEM32\dhcpcsvc.DLL
0x00007ff952ac0000 - 0x00007ff952b8b000 	C:\WINDOWS\SYSTEM32\DNSAPI.dll

dbghelp: loaded successfully - version: 4.0.5 - missing functions: none
symbol engine: initialized successfully - sym options: 0x614 - pdb path: .;C:\Program Files\Android\Android Studio\jre\bin;C:\WINDOWS\SYSTEM32;C:\WINDOWS\WinSxS\amd64_microsoft.windows.common-controls_6595b64144ccf1df_6.0.18362.1556_none_9e7e372fe45e41d5;C:\Program Files\Android\Android Studio\jre\bin\server;C:\Users\TinNguyen\.gradle\native\8bec1ad78214c89d9ad589b4d07fe93259594b29d510b10fafb7a158f7737e5d\windows-amd64;C:\Users\TinNguyen\.gradle\native\53dbd7edfb1c66fb8903c78663c9afc45aea4f116125fa6feffd364cf09443e8\windows-amd64

VM Arguments:
jvm_args: --add-opens=java.base/java.util=ALL-UNNAMED --add-opens=java.base/java.lang=ALL-UNNAMED --add-opens=java.base/java.lang.invoke=ALL-UNNAMED --add-opens=java.base/java.util=ALL-UNNAMED --add-opens=java.prefs/java.util.prefs=ALL-UNNAMED --add-opens=java.prefs/java.util.prefs=ALL-UNNAMED --add-opens=java.base/java.nio.charset=ALL-UNNAMED --add-opens=java.base/java.net=ALL-UNNAMED --add-opens=java.base/java.util.concurrent.atomic=ALL-UNNAMED -Xmx2048m -Dfile.encoding=UTF-8 -Duser.country=US -Duser.language=en -Duser.variant 
java_command: org.gradle.launcher.daemon.bootstrap.GradleDaemon 7.0.2
java_class_path (initial): C:\Users\TinNguyen\.gradle\wrapper\dists\gradle-7.0.2-bin\857tjihv64xamwrf0h14cai3r\gradle-7.0.2\lib\gradle-launcher-7.0.2.jar
Launcher Type: SUN_STANDARD

[Global flags]
     intx CICompilerCount                          = 4                                         {product} {ergonomic}
     uint ConcGCThreads                            = 2                                         {product} {ergonomic}
     uint G1ConcRefinementThreads                  = 8                                         {product} {ergonomic}
   size_t G1HeapRegionSize                         = 1048576                                   {product} {ergonomic}
    uintx GCDrainStackTargetSize                   = 64                                        {product} {ergonomic}
   size_t InitialHeapSize                          = 134217728                                 {product} {ergonomic}
   size_t MarkStackSize                            = 4194304                                   {product} {ergonomic}
   size_t MaxHeapSize                              = 2147483648                                {product} {command line}
   size_t MaxNewSize                               = 1287651328                                {product} {ergonomic}
   size_t MinHeapDeltaBytes                        = 1048576                                   {product} {ergonomic}
    uintx NonNMethodCodeHeapSize                   = 5836300                                {pd product} {ergonomic}
    uintx NonProfiledCodeHeapSize                  = 122910970                              {pd product} {ergonomic}
    uintx ProfiledCodeHeapSize                     = 122910970                              {pd product} {ergonomic}
    uintx ReservedCodeCacheSize                    = 251658240                              {pd product} {ergonomic}
     bool SegmentedCodeCache                       = true                                      {product} {ergonomic}
     bool UseCompressedClassPointers               = true                                 {lp64_product} {ergonomic}
     bool UseCompressedOops                        = true                                 {lp64_product} {ergonomic}
     bool UseG1GC                                  = true                                      {product} {ergonomic}
     bool UseLargePagesIndividualAllocation        = false                                  {pd product} {ergonomic}

Logging:
Log output configuration:
 #0: stdout all=warning uptime,level,tags
 #1: stderr all=off uptime,level,tags

Environment Variables:
JAVA_HOME=C:\Program Files\Java\jdk1.8.0_121
PATH=C:\Users\TinNguyen\Desktop\gradle-7.1.1-bin\gradle-7.1.1\bin;C:\Python39\Scripts\;C:\Python39\;C:\Program Files (x86)\Common Files\Oracle\Java\javapath;C:\ProgramData\Oracle\Java\javapath;C:\Program Files\Microsoft MPI\Bin\;C:\WINDOWS\system32;C:\WINDOWS;C:\WINDOWS\System32\Wbem;C:\WINDOWS\System32\WindowsPowerShell\v1.0\;C:\WINDOWS\System32\OpenSSH\;C:\Program Files\Microsoft SQL Server\Client SDK\ODBC\130\Tools\Binn\;C:\Program Files (x86)\Microsoft SQL Server\140\Tools\Binn\;C:\Program Files\Microsoft SQL Server\140\Tools\Binn\;C:\Program Files\Microsoft SQL Server\140\DTS\Binn\;C:\Program Files (x86)\Microsoft SQL Server\140\DTS\Binn\;C:\Program Files (x86)\Microsoft SQL Server\Client SDK\ODBC\130\Tools\Binn\;C:\Program Files (x86)\Microsoft SQL Server\140\Tools\Binn\ManagementStudio\;C:\Program Files\dotnet\;C:\Program Files\Microsoft SQL Server\130\Tools\Binn\;C:\Program Files\Microsoft SQL Server\Client SDK\ODBC\170\Tools\Binn\;C:\Program Files\Intel\WiFi\bin\;C:\Program Files\Common Files\Intel\WirelessCommon\;C:\xampp\php;C:\composer;C:\Program Files (x86)\dotnet\;C:\ProgramData\chocolatey\bin;C:\Program Files\Docker\Docker\resources\bin;C:\ProgramData\DockerDesktop\version-bin;C:\Program Files\Git\cmd;C:\Program Files\Java\jdk1.8.0_121\bin;C:\Program Files\nodejs\;C:\Users\TinNguyen\AppData\Local\Microsoft\WindowsApps;C:\Users\TinNguyen\.dotnet\tools;C:\Users\TinNguyen\AppData\Local\Microsoft\WindowsApps;C:\Program Files\Intel\WiFi\bin\;C:\Program Files\Common Files\Intel\WirelessCommon\;C:\Users\TinNguyen\AppData\Local\Programs\Microsoft VS Code\bin;C:\Users\TinNguyen\AppData\Roaming\Composer\vendor\bin;C:\Program Files\heroku\bin;C:\Users\TinNguyen\AppData\Local\GitHubDesktop\bin;C:\Users\TinNguyen\.dotnet\tools;C:\Users\TinNguyen\AppData\Roaming\npm
USERNAME=TinNguyen
OS=Windows_NT
PROCESSOR_IDENTIFIER=Intel64 Family 6 Model 60 Stepping 3, GenuineIntel



---------------  S Y S T E M  ---------------

OS: Windows 10 , 64 bit Build 18362 (10.0.18362.1500)
OS uptime: 14 days 17:58 hours

CPU:total 8 (initial active 8) (4 cores per cpu, 2 threads per core) family 6 model 60 stepping 3 microcode 0x28, cmov, cx8, fxsr, mmx, sse, sse2, sse3, ssse3, sse4.1, sse4.2, popcnt, avx, avx2, aes, clmul, erms, lzcnt, ht, tsc, tscinvbit, bmi1, bmi2, fma

Memory: 4k page, system-wide physical 8081M (863M free)
TotalPageFile size 32657M (AvailPageFile size 0M)
current process WorkingSet (physical memory assigned to process): 371M, peak: 379M
current process commit charge ("private bytes"): 417M, peak: 424M

vm_info: OpenJDK 64-Bit Server VM (11.0.10+0-b96-7249189) for windows-amd64 JRE (11.0.10+0-b96-7249189), built on Mar 31 2021 21:44:00 by "builder" with MS VC++ 14.0 (VS2015)

END.
